<?xml version="1.0" encoding="UTF-8"?>
<testng-results ignored="0" total="0" passed="0" failed="0" skipped="0">
  <reporter-output>
  </reporter-output>
  <suite started-at="2023-05-21T18:24:29 GMT-04:00" name="Surefire suite" finished-at="2023-05-21T18:24:29 GMT-04:00" duration-ms="104">
    <groups>
    </groups>
    <test started-at="2023-05-21T18:24:29 GMT-04:00" name="Surefire test-2" finished-at="2023-05-21T18:24:29 GMT-04:00" duration-ms="103">
    </test> <!-- Surefire test-2 -->
    <test started-at="2023-05-21T18:24:29 GMT-04:00" name="Surefire test-0" finished-at="2023-05-21T18:24:29 GMT-04:00" duration-ms="103">
    </test> <!-- Surefire test-0 -->
    <test started-at="2023-05-21T18:24:29 GMT-04:00" name="Surefire test-1" finished-at="2023-05-21T18:24:29 GMT-04:00" duration-ms="104">
    </test> <!-- Surefire test-1 -->
  </suite> <!-- Surefire suite -->
</testng-results>
